visit album url: http://music.163.com/#/playlist?id=161864761
visit song url: 1 17岁 http://music.163.com/song?id=29825667
click play button: 1 17岁 http://music.163.com/song?id=29825667
visit song url: 2 倾城 http://music.163.com/song?id=306709
click play button: 2 倾城 http://music.163.com/song?id=306709
visit song url: 3 傻女&nbsp;(Live) http://music.163.com/song?id=113610
click play button: 3 傻女&nbsp;(Live) http://music.163.com/song?id=113610
visit song url: 4 离开以后 http://music.163.com/song?id=189841
click play button: 4 离开以后 http://music.163.com/song?id=189841
visit song url: 5 皇后大道东 http://music.163.com/song?id=109101
click play button: 5 皇后大道东 http://music.163.com/song?id=109101
visit song url: 6 七友(Live)&nbsp;-&nbsp;live http://music.163.com/song?id=146553
click play button: 6 七友(Live)&nbsp;-&nbsp;live http://music.163.com/song?id=146553
visit song url: 7 梦伴 http://music.163.com/song?id=26584453
click play button: 7 梦伴 http://music.163.com/song?id=26584453
visit song url: 8 终身美丽 - (电影《瘦身男女》主题曲) http://music.163.com/song?id=328169
click play button: 8 终身美丽 - (电影《瘦身男女》主题曲) http://music.163.com/song?id=328169
visit song url: 9 让一切随风 http://music.163.com/song?id=194594
click play button: 9 让一切随风 http://music.163.com/song?id=194594
visit song url: 10 无赖 http://music.163.com/song?id=191171
click play button: 10 无赖 http://music.163.com/song?id=191171
visit song url: 11 李香兰 http://music.163.com/song?id=188703
click play button: 11 李香兰 http://music.163.com/song?id=188703
visit song url: 12 Para&nbsp;Para&nbsp;Sakura - (《&nbsp;芭啦芭啦樱之花》电影主题曲) http://music.163.com/song?id=4878033
click play button: 12 Para&nbsp;Para&nbsp;Sakura - (《&nbsp;芭啦芭啦樱之花》电影主题曲) http://music.163.com/song?id=4878033
visit song url: 13 朋友 - (电影《龙兄虎弟》插曲) http://music.163.com/song?id=152428
click play button: 13 朋友 - (电影《龙兄虎弟》插曲) http://music.163.com/song?id=152428
visit song url: 14 千千阙歌(Live) http://music.163.com/song?id=188459
click play button: 14 千千阙歌(Live) http://music.163.com/song?id=188459
visit song url: 15 我恨我痴心 http://music.163.com/song?id=110146
click play button: 15 我恨我痴心 http://music.163.com/song?id=110146
visit song url: 16 几分伤心几分痴 - (无线电视剧《义不容情》主题曲) http://music.163.com/song?id=157121
click play button: 16 几分伤心几分痴 - (无线电视剧《义不容情》主题曲) http://music.163.com/song?id=157121
visit song url: 17 天梯(Live)&nbsp;-&nbsp;live http://music.163.com/song?id=192316
click play button: 17 天梯(Live)&nbsp;-&nbsp;live http://music.163.com/song?id=192316
visit song url: 18 人来人往 http://music.163.com/song?id=66378
click play button: 18 人来人往 http://music.163.com/song?id=66378
visit song url: 19 情人 http://music.163.com/song?id=347355
click play button: 19 情人 http://music.163.com/song?id=347355
visit song url: 20 漫步人生路 http://music.163.com/song?id=26124797
click play button: 20 漫步人生路 http://music.163.com/song?id=26124797
visit song url: 21 游乐场 http://music.163.com/song?id=168353
click play button: 21 游乐场 http://music.163.com/song?id=168353
visit song url: 22 爱的故事上集(Live)&nbsp;-&nbsp;live http://music.163.com/song?id=188522
click play button: 22 爱的故事上集(Live)&nbsp;-&nbsp;live http://music.163.com/song?id=188522
visit song url: 23 护花使者 http://music.163.com/song?id=115569
click play button: 23 护花使者 http://music.163.com/song?id=115569
visit song url: 24 可惜我是水瓶座 http://music.163.com/song?id=316654
click play button: 24 可惜我是水瓶座 http://music.163.com/song?id=316654
visit song url: 25 空气公园 http://music.163.com/song?id=27678740
click play button: 25 空气公园 http://music.163.com/song?id=27678740
visit song url: 26 尼古拉 http://music.163.com/song?id=130901
click play button: 26 尼古拉 http://music.163.com/song?id=130901
visit song url: 27 殉情记 http://music.163.com/song?id=87047
click play button: 27 殉情记 http://music.163.com/song?id=87047
visit song url: 28 玉蝴蝶 http://music.163.com/song?id=168816
click play button: 28 玉蝴蝶 http://music.163.com/song?id=168816
visit song url: 29 慕容雪 http://music.163.com/song?id=306845
click play button: 29 慕容雪 http://music.163.com/song?id=306845
visit song url: 30 下学期 http://music.163.com/song?id=353655
click play button: 30 下学期 http://music.163.com/song?id=353655
visit song url: 31 黄 http://music.163.com/song?id=168282
click play button: 31 黄 http://music.163.com/song?id=168282
visit song url: 32 七夕 http://music.163.com/song?id=224088
click play button: 32 七夕 http://music.163.com/song?id=224088
visit song url: 33 忘川 http://music.163.com/song?id=223297
click play button: 33 忘川 http://music.163.com/song?id=223297
visit song url: 34 稀客 http://music.163.com/song?id=316510
click play button: 34 稀客 http://music.163.com/song?id=316510
visit song url: 35 够钟 http://music.163.com/song?id=191528
click play button: 35 够钟 http://music.163.com/song?id=191528
visit song url: 36 爱你 http://music.163.com/song?id=169617
click play button: 36 爱你 http://music.163.com/song?id=169617
visit song url: 37 面具 http://music.163.com/song?id=174122
click play button: 37 面具 http://music.163.com/song?id=174122
visit song url: 38 是我非我 http://music.163.com/song?id=186130
click play button: 38 是我非我 http://music.163.com/song?id=186130
visit song url: 39 心跳回忆 http://music.163.com/song?id=86971
click play button: 39 心跳回忆 http://music.163.com/song?id=86971
visit song url: 40 风筝与风 http://music.163.com/song?id=382501
click play button: 40 风筝与风 http://music.163.com/song?id=382501
visit song url: 41 年度之歌 http://music.163.com/song?id=308169
click play button: 41 年度之歌 http://music.163.com/song?id=308169
visit song url: 42 怜香惜玉 http://music.163.com/song?id=26545117
click play button: 42 怜香惜玉 http://music.163.com/song?id=26545117
visit song url: 43 旧情绵绵 http://music.163.com/song?id=189714
click play button: 43 旧情绵绵 http://music.163.com/song?id=189714
visit song url: 44 十指紧扣 http://music.163.com/song?id=192384
click play button: 44 十指紧扣 http://music.163.com/song?id=192384
visit song url: 45 记得忘记 - (TVB电视剧《再生缘》片尾曲) http://music.163.com/song?id=113537
click play button: 45 记得忘记 - (TVB电视剧《再生缘》片尾曲) http://music.163.com/song?id=113537
visit song url: 46 重复犯错 http://music.163.com/song?id=86464
click play button: 46 重复犯错 http://music.163.com/song?id=86464
visit song url: 47 情归于尽 http://music.163.com/song?id=20931480
click play button: 47 情归于尽 http://music.163.com/song?id=20931480
visit song url: 48 一小时冲印 http://music.163.com/song?id=118267
click play button: 48 一小时冲印 http://music.163.com/song?id=118267
visit song url: 49 寂寞流星群 http://music.163.com/song?id=256325
click play button: 49 寂寞流星群 http://music.163.com/song?id=256325
visit song url: 50 花街的流星 http://music.163.com/song?id=113811
click play button: 50 花街的流星 http://music.163.com/song?id=113811
visit song url: 51 法术乌魔多 http://music.163.com/song?id=189700
click play button: 51 法术乌魔多 http://music.163.com/song?id=189700
visit song url: 52 初见(live版)&nbsp;-&nbsp;live http://music.163.com/song?id=26173018
click play button: 52 初见(live版)&nbsp;-&nbsp;live http://music.163.com/song?id=26173018
visit song url: 53 衣柜里的男人(Live)&nbsp;-&nbsp;live http://music.163.com/song?id=64194
click play button: 53 衣柜里的男人(Live)&nbsp;-&nbsp;live http://music.163.com/song?id=64194
visit song url: 54 我的回忆不是我的 http://music.163.com/song?id=95396
click play button: 54 我的回忆不是我的 http://music.163.com/song?id=95396
visit song url: 55 只爱西经 - (电视剧《西游记2》片尾曲) http://music.163.com/song?id=28176114
click play button: 55 只爱西经 - (电视剧《西游记2》片尾曲) http://music.163.com/song?id=28176114
visit song url: 56 长痛短痛 http://music.163.com/song?id=29771164
click play button: 56 长痛短痛 http://music.163.com/song?id=29771164
visit song url: 57 水星逆行 http://music.163.com/song?id=29734353
click play button: 57 水星逆行 http://music.163.com/song?id=29734353
visit song url: 58 壮举 http://music.163.com/song?id=28111649
click play button: 58 壮举 http://music.163.com/song?id=28111649
visit song url: 59 战争 http://music.163.com/song?id=65903
click play button: 59 战争 http://music.163.com/song?id=65903
visit song url: 60 破相 http://music.163.com/song?id=286820
click play button: 60 破相 http://music.163.com/song?id=286820
visit song url: 61 沙龙 http://music.163.com/song?id=64833
click play button: 61 沙龙 http://music.163.com/song?id=64833
visit song url: 62 预言书 http://music.163.com/song?id=89700
click play button: 62 预言书 http://music.163.com/song?id=89700
visit song url: 63 裙下之臣 http://music.163.com/song?id=65758
click play button: 63 裙下之臣 http://music.163.com/song?id=65758
visit song url: 64 最后晚餐 - (电视剧《有房出租》主题曲) http://music.163.com/song?id=308027
click play button: 64 最后晚餐 - (电视剧《有房出租》主题曲) http://music.163.com/song?id=308027
visit song url: 65 守望麦田 http://music.163.com/song?id=299454
click play button: 65 守望麦田 http://music.163.com/song?id=299454
visit song url: 66 不吐不快 http://music.163.com/song?id=188878
click play button: 66 不吐不快 http://music.163.com/song?id=188878
visit song url: 67 愚公移山 http://music.163.com/song?id=34916656
click play button: 67 愚公移山 http://music.163.com/song?id=34916656
visit song url: 68 爱你痛到不知痛 - (TVB电视剧《雪山飞狐》主题曲) http://music.163.com/song?id=188948
click play button: 68 爱你痛到不知痛 - (TVB电视剧《雪山飞狐》主题曲) http://music.163.com/song?id=188948
visit song url: 69 等你等到我心痛 http://music.163.com/song?id=190360
click play button: 69 等你等到我心痛 http://music.163.com/song?id=190360
visit song url: 70 日与夜 http://music.163.com/song?id=188284
click play button: 70 日与夜 http://music.163.com/song?id=188284
download song: 紫川秀还是卢云-在KTV唱什么粤语歌可以秒杀全场。/01.17岁.mp3
curl -L -C - "http://m10.music.126.net/20170527122021/0497a5a997a99370ca58fc5abf060f24/ymusic/7202/3f21/bd60/704dc5a27180e464adec6a789ed5e89c.mp3" -o "紫川秀还是卢云-在KTV唱什么粤语歌可以秒杀全场。/01.17岁.mp3"
download song: 紫川秀还是卢云-在KTV唱什么粤语歌可以秒杀全场。/02.倾城.mp3
curl -L -C - "http://m10.music.126.net/20170527122036/f3c7435a06be234112120a7af607bc5e/ymusic/fd60/480d/955a/d40cb1de10a2a58b933e9270f8566a35.mp3" -o "紫川秀还是卢云-在KTV唱什么粤语歌可以秒杀全场。/02.倾城.mp3"
download song: 紫川秀还是卢云-在KTV唱什么粤语歌可以秒杀全场。/03.傻女&nbsp;(Live).mp3
curl -L -C - "http://m10.music.126.net/20170527122051/07d5f424d7a0fd5e1684876018a808b5/ymusic/2a98/1423/106b/723eeda36507fc16db03854b8c52c769.mp3" -o "紫川秀还是卢云-在KTV唱什么粤语歌可以秒杀全场。/03.傻女&nbsp;(Live).mp3"
download song: 紫川秀还是卢云-在KTV唱什么粤语歌可以秒杀全场。/04.离开以后.mp3
curl -L -C - "http://m10.music.126.net/20170527122107/85d87e7fdf2bfde35efbedede5bbac99/ymusic/5dac/29a8/8d1f/6761406dcfa2dbb075dc0161b2128fc2.mp3" -o "紫川秀还是卢云-在KTV唱什么粤语歌可以秒杀全场。/04.离开以后.mp3"
download song: 紫川秀还是卢云-在KTV唱什么粤语歌可以秒杀全场。/05.皇后大道东.mp3
curl -L -C - "http://m10.music.126.net/20170527122122/98a6bc6c636d0e3c1922345e809cd9a5/ymusic/457e/e40b/98dd/41865968fb838dda33c37dcf61c1c0f3.mp3" -o "紫川秀还是卢云-在KTV唱什么粤语歌可以秒杀全场。/05.皇后大道东.mp3"
download song: 紫川秀还是卢云-在KTV唱什么粤语歌可以秒杀全场。/06.七友(Live)&nbsp;-&nbsp;live.mp3
curl -L -C - "http://m10.music.126.net/20170527122137/1244b307ac2fed8b14afa5cf7e7bbf73/ymusic/5187/6cbf/54e0/f09e088ee36a8a95c9f7a05a9b61cc4b.mp3" -o "紫川秀还是卢云-在KTV唱什么粤语歌可以秒杀全场。/06.七友(Live)&nbsp;-&nbsp;live.mp3"
download song: 紫川秀还是卢云-在KTV唱什么粤语歌可以秒杀全场。/07.梦伴.mp3
curl -L -C - "http://m10.music.126.net/20170527122153/37828ad0422a1258b18c9b5ac885779a/ymusic/e9a5/300b/cc84/3eb1e0967b6e1eed4c74566dd78747d7.mp3" -o "紫川秀还是卢云-在KTV唱什么粤语歌可以秒杀全场。/07.梦伴.mp3"
download song: 紫川秀还是卢云-在KTV唱什么粤语歌可以秒杀全场。/08.终身美丽 - (电影《瘦身男女》主题曲).mp3
curl -L -C - "http://m10.music.126.net/20170527122223/410644c86e19f9b05748d7acfa1004f7/ymusic/92d3/910a/77e1/79d64412875ecc71a2599bd9eee92950.mp3" -o "紫川秀还是卢云-在KTV唱什么粤语歌可以秒杀全场。/08.终身美丽 - (电影《瘦身男女》主题曲).mp3"
download song: 紫川秀还是卢云-在KTV唱什么粤语歌可以秒杀全场。/10.无赖.mp3
curl -L -C - "http://m10.music.126.net/20170527122239/764b10e0fe98dee37b28857771811446/ymusic/a74b/9043/1918/1618880491f32833e737751a46429b79.mp3" -o "紫川秀还是卢云-在KTV唱什么粤语歌可以秒杀全场。/10.无赖.mp3"
download song: 紫川秀还是卢云-在KTV唱什么粤语歌可以秒杀全场。/11.李香兰.mp3
curl -L -C - "http://m10.music.126.net/20170527122254/4c3d0614cd8065707dadd96d75ca2621/ymusic/ccb6/1165/25e9/6c606b0a888ba64700021cc777a26a02.mp3" -o "紫川秀还是卢云-在KTV唱什么粤语歌可以秒杀全场。/11.李香兰.mp3"
download song: 紫川秀还是卢云-在KTV唱什么粤语歌可以秒杀全场。/12.Para&nbsp;Para&nbsp;Sakura - (《&nbsp;芭啦芭啦樱之花》电影主题曲).mp3
curl -L -C - "http://m10.music.126.net/20170527122309/853f42c8646be5d1586636c3037e4086/ymusic/c5ab/0097/5ae7/83792bbb51cb866ade5b04a02861f45b.mp3" -o "紫川秀还是卢云-在KTV唱什么粤语歌可以秒杀全场。/12.Para&nbsp;Para&nbsp;Sakura - (《&nbsp;芭啦芭啦樱之花》电影主题曲).mp3"
download song: 紫川秀还是卢云-在KTV唱什么粤语歌可以秒杀全场。/13.朋友 - (电影《龙兄虎弟》插曲).mp3
curl -L -C - "http://m10.music.126.net/20170527122325/435bacdeffd9992af4e7a1c5c37442c3/ymusic/ee56/313f/cae3/f7ba25e37921ac14ea5d61377d88ef3a.mp3" -o "紫川秀还是卢云-在KTV唱什么粤语歌可以秒杀全场。/13.朋友 - (电影《龙兄虎弟》插曲).mp3"
download song: 紫川秀还是卢云-在KTV唱什么粤语歌可以秒杀全场。/14.千千阙歌(Live).mp3
curl -L -C - "http://m10.music.126.net/20170527122340/f2e7cef1fa0662964588ebea740d83ba/ymusic/cacd/0625/d727/1309c206811a619117b0fb885aedd0a5.mp3" -o "紫川秀还是卢云-在KTV唱什么粤语歌可以秒杀全场。/14.千千阙歌(Live).mp3"
download song: 紫川秀还是卢云-在KTV唱什么粤语歌可以秒杀全场。/15.我恨我痴心.mp3
curl -L -C - "http://m10.music.126.net/20170527122355/a249e88645f0429cd8c92deec3ad844d/ymusic/8d42/1476/c3e4/4ddfda1a39db27652e93ca4baab83889.mp3" -o "紫川秀还是卢云-在KTV唱什么粤语歌可以秒杀全场。/15.我恨我痴心.mp3"
download song: 紫川秀还是卢云-在KTV唱什么粤语歌可以秒杀全场。/16.几分伤心几分痴 - (无线电视剧《义不容情》主题曲).mp3
curl -L -C - "http://m10.music.126.net/20170527122411/b14afa34511eb02097c021f81e4a6f36/ymusic/6d34/d62c/30e1/ac9af4fcb871a019abd24e32ce000ac4.mp3" -o "紫川秀还是卢云-在KTV唱什么粤语歌可以秒杀全场。/16.几分伤心几分痴 - (无线电视剧《义不容情》主题曲).mp3"
download song: 紫川秀还是卢云-在KTV唱什么粤语歌可以秒杀全场。/17.天梯(Live)&nbsp;-&nbsp;live.mp3
curl -L -C - "http://m10.music.126.net/20170527122426/367ed96e707bee53de014f0daa9f2d88/ymusic/4765/6399/dc2a/8bb72f6769f6bc90958a35b5372b1aac.mp3" -o "紫川秀还是卢云-在KTV唱什么粤语歌可以秒杀全场。/17.天梯(Live)&nbsp;-&nbsp;live.mp3"
download song: 紫川秀还是卢云-在KTV唱什么粤语歌可以秒杀全场。/18.人来人往.mp3
curl -L -C - "http://m10.music.126.net/20170527122441/b4afe0ff81cefc2ab969027ffde0cd78/ymusic/d520/5522/bb50/8c923627b8d44830f119b33587d63c44.mp3" -o "紫川秀还是卢云-在KTV唱什么粤语歌可以秒杀全场。/18.人来人往.mp3"
download song: 紫川秀还是卢云-在KTV唱什么粤语歌可以秒杀全场。/19.情人.mp3
curl -L -C - "http://m10.music.126.net/20170527122456/d7a2e2c23aebc8b1da3d4e349c863b64/ymusic/de06/503c/ff03/59859c21074d7cde6e609b891fe5fe10.mp3" -o "紫川秀还是卢云-在KTV唱什么粤语歌可以秒杀全场。/19.情人.mp3"
download song: 紫川秀还是卢云-在KTV唱什么粤语歌可以秒杀全场。/20.漫步人生路.mp3
curl -L -C - "http://m10.music.126.net/20170527122512/d62fbafed49f5729e3c10b9ba69d568d/ymusic/ad7c/5505/b1ed/a0cd875e85af05b7880624c68977cbff.mp3" -o "紫川秀还是卢云-在KTV唱什么粤语歌可以秒杀全场。/20.漫步人生路.mp3"
download song: 紫川秀还是卢云-在KTV唱什么粤语歌可以秒杀全场。/21.游乐场.mp3
curl -L -C - "http://m10.music.126.net/20170527122543/3ad8bc223934aef6007646e70e2f3e6a/ymusic/4673/7e4d/c3db/f51785b90bd365b0a30e6c71160a1c9b.mp3" -o "紫川秀还是卢云-在KTV唱什么粤语歌可以秒杀全场。/21.游乐场.mp3"
download song: 紫川秀还是卢云-在KTV唱什么粤语歌可以秒杀全场。/23.护花使者.mp3
curl -L -C - "http://m10.music.126.net/20170527122614/62bb0969fc59b580d9f9e461418541a1/ymusic/440f/2b4b/a404/8e6172e5df94f24f3589a9d91e651e61.mp3" -o "紫川秀还是卢云-在KTV唱什么粤语歌可以秒杀全场。/23.护花使者.mp3"
download song: 紫川秀还是卢云-在KTV唱什么粤语歌可以秒杀全场。/25.空气公园.mp3
curl -L -C - "http://m10.music.126.net/20170527122629/66946f62e005eb1d1a70ca6dfdbb225a/ymusic/d062/9a77/0e88/65b4899323c94ba69d4869b40748dece.mp3" -o "紫川秀还是卢云-在KTV唱什么粤语歌可以秒杀全场。/25.空气公园.mp3"
download song: 紫川秀还是卢云-在KTV唱什么粤语歌可以秒杀全场。/26.尼古拉.mp3
curl -L -C - "http://m10.music.126.net/20170527122644/e102d2fe22e2b50c2e3df4b16e1fcbbc/ymusic/17d8/6b61/12d1/24d4d51b6b7da4881e7442b6127432fb.mp3" -o "紫川秀还是卢云-在KTV唱什么粤语歌可以秒杀全场。/26.尼古拉.mp3"
download song: 紫川秀还是卢云-在KTV唱什么粤语歌可以秒杀全场。/27.殉情记.mp3
curl -L -C - "http://m10.music.126.net/20170527122700/71e12b95feb55e536de34f4536aafa2c/ymusic/4dd9/ed1d/b924/0c6a3a6bd550d5b236ad34922bae52be.mp3" -o "紫川秀还是卢云-在KTV唱什么粤语歌可以秒杀全场。/27.殉情记.mp3"
download song: 紫川秀还是卢云-在KTV唱什么粤语歌可以秒杀全场。/28.玉蝴蝶.mp3
curl -L -C - "http://m10.music.126.net/20170527122715/d25083dc463f106ae0b812afe5b117a1/ymusic/20ea/2d88/d915/5b6abe8d6f2b0f13165e7357283a42f3.mp3" -o "紫川秀还是卢云-在KTV唱什么粤语歌可以秒杀全场。/28.玉蝴蝶.mp3"
download song: 紫川秀还是卢云-在KTV唱什么粤语歌可以秒杀全场。/29.慕容雪.mp3
curl -L -C - "http://m10.music.126.net/20170527122730/65603e4c09d3bf2b6255fa35c792ddc1/ymusic/e959/ee07/8d08/c6d69dafd3f1b5a45dc172a8a90fd5ec.mp3" -o "紫川秀还是卢云-在KTV唱什么粤语歌可以秒杀全场。/29.慕容雪.mp3"
download song: 紫川秀还是卢云-在KTV唱什么粤语歌可以秒杀全场。/30.下学期.mp3
curl -L -C - "http://m10.music.126.net/20170527122745/885faf824b658c094538c4fc059fdf61/ymusic/1a63/35a9/ad5c/d89f1bf2bf2ed6d39b41a140d33039a7.mp3" -o "紫川秀还是卢云-在KTV唱什么粤语歌可以秒杀全场。/30.下学期.mp3"
download song: 紫川秀还是卢云-在KTV唱什么粤语歌可以秒杀全场。/31.黄.mp3
curl -L -C - "http://m10.music.126.net/20170527122753/7da2a6f7b0a52b55ffc8f204b0c722ae/ymusic/1503/de52/fd02/c24d057ad5bb8b45498093fd355b0a63.mp3" -o "紫川秀还是卢云-在KTV唱什么粤语歌可以秒杀全场。/31.黄.mp3"
download song: 紫川秀还是卢云-在KTV唱什么粤语歌可以秒杀全场。/32.七夕.mp3
curl -L -C - "http://m10.music.126.net/20170527122816/3b07cf159a5971f5193d91822abe79ea/ymusic/b87c/1c4c/597b/dc8afac0e685c0781b118a8949a75c4e.mp3" -o "紫川秀还是卢云-在KTV唱什么粤语歌可以秒杀全场。/32.七夕.mp3"
download song: 紫川秀还是卢云-在KTV唱什么粤语歌可以秒杀全场。/33.忘川.mp3
curl -L -C - "http://m10.music.126.net/20170527122831/8eb341b62cb731ea828500696706a839/ymusic/b2b1/b435/4c6b/dcc9e1bf8b30eb5c912f81d6b3749497.mp3" -o "紫川秀还是卢云-在KTV唱什么粤语歌可以秒杀全场。/33.忘川.mp3"
download song: 紫川秀还是卢云-在KTV唱什么粤语歌可以秒杀全场。/34.稀客.mp3
curl -L -C - "http://m10.music.126.net/20170527122847/99db04f11c34acda941b036162e8f376/ymusic/9edb/bde5/e8f4/64fd98776b7fca28eaf96706060344b7.mp3" -o "紫川秀还是卢云-在KTV唱什么粤语歌可以秒杀全场。/34.稀客.mp3"
download song: 紫川秀还是卢云-在KTV唱什么粤语歌可以秒杀全场。/35.够钟.mp3
curl -L -C - "http://m10.music.126.net/20170527122902/3951abe9f41a74adbbdee138130fddc6/ymusic/a3b3/4499/c607/44f534631e637f94625910a4f35649a0.mp3" -o "紫川秀还是卢云-在KTV唱什么粤语歌可以秒杀全场。/35.够钟.mp3"
download song: 紫川秀还是卢云-在KTV唱什么粤语歌可以秒杀全场。/36.爱你.mp3
curl -L -C - "http://m10.music.126.net/20170527122917/540bbda49f88e008f72fbcb197e64d50/ymusic/df5b/a818/1756/0ba57091791e007efc18c6022df690e9.mp3" -o "紫川秀还是卢云-在KTV唱什么粤语歌可以秒杀全场。/36.爱你.mp3"
download song: 紫川秀还是卢云-在KTV唱什么粤语歌可以秒杀全场。/37.面具.mp3
curl -L -C - "http://m10.music.126.net/20170527122932/2f424b003c34cdbca6b1ccde799ceb6c/ymusic/d3cc/892b/45c0/20628cd0e857ccedcf815a4d5cdbbda3.mp3" -o "紫川秀还是卢云-在KTV唱什么粤语歌可以秒杀全场。/37.面具.mp3"
download song: 紫川秀还是卢云-在KTV唱什么粤语歌可以秒杀全场。/38.是我非我.mp3
curl -L -C - "http://m10.music.126.net/20170527122947/ddf5aa32c56bb2da0d5dced89e788e3a/ymusic/f7cd/a255/4a93/3f7470764237bb71dcaa7b6a37d509e4.mp3" -o "紫川秀还是卢云-在KTV唱什么粤语歌可以秒杀全场。/38.是我非我.mp3"
download song: 紫川秀还是卢云-在KTV唱什么粤语歌可以秒杀全场。/39.心跳回忆.mp3
curl -L -C - "http://m10.music.126.net/20170527123003/c14bfa0fc0c6be9077c1529a64dd95c4/ymusic/bdef/05d3/32d9/f7c799dcbc327e882a237790d5c4160f.mp3" -o "紫川秀还是卢云-在KTV唱什么粤语歌可以秒杀全场。/39.心跳回忆.mp3"
download song: 紫川秀还是卢云-在KTV唱什么粤语歌可以秒杀全场。/40.风筝与风.mp3
curl -L -C - "http://m10.music.126.net/20170527123019/8329b30b6a00d62bc846f60f368c9df3/ymusic/22a7/e7e5/c626/0c2edc20e6523c986165b190324ee9af.mp3" -o "紫川秀还是卢云-在KTV唱什么粤语歌可以秒杀全场。/40.风筝与风.mp3"
download song: 紫川秀还是卢云-在KTV唱什么粤语歌可以秒杀全场。/41.年度之歌.mp3
curl -L -C - "http://m10.music.126.net/20170527123035/612963865c4000595f50051b153db0b8/ymusic/4c1a/f2de/1518/8f1228d82ea683bb1b6919d5a31cbae1.mp3" -o "紫川秀还是卢云-在KTV唱什么粤语歌可以秒杀全场。/41.年度之歌.mp3"
download song: 紫川秀还是卢云-在KTV唱什么粤语歌可以秒杀全场。/42.怜香惜玉.mp3
curl -L -C - "http://m10.music.126.net/20170527123049/dcf12f6d1023c62b594fd60bd783d76e/ymusic/f727/65b9/9529/ee2fa3cf4bf0541ce2b1b4ccf1ca415e.mp3" -o "紫川秀还是卢云-在KTV唱什么粤语歌可以秒杀全场。/42.怜香惜玉.mp3"
download song: 紫川秀还是卢云-在KTV唱什么粤语歌可以秒杀全场。/43.旧情绵绵.mp3
curl -L -C - "http://m10.music.126.net/20170527123104/19a63450c3dda9ae5108b199891df175/ymusic/54a0/f8f5/9656/0854385f57b68a56b8408d96f93c5c71.mp3" -o "紫川秀还是卢云-在KTV唱什么粤语歌可以秒杀全场。/43.旧情绵绵.mp3"
download song: 紫川秀还是卢云-在KTV唱什么粤语歌可以秒杀全场。/44.十指紧扣.mp3
curl -L -C - "http://m10.music.126.net/20170527123119/9e5a568441fc70d735d8d7dfd8d0cd74/ymusic/edf2/adaf/557e/a77b150d09a7d87e0dd3303e7bb4e001.mp3" -o "紫川秀还是卢云-在KTV唱什么粤语歌可以秒杀全场。/44.十指紧扣.mp3"
download song: 紫川秀还是卢云-在KTV唱什么粤语歌可以秒杀全场。/45.记得忘记 - (TVB电视剧《再生缘》片尾曲).mp3
curl -L -C - "http://m10.music.126.net/20170527123135/9770a8dd22b059aa3f2cc9c89cf5a3b5/ymusic/5d42/6949/5c8f/e24f6e518c96f20b0978bb29a92c8261.mp3" -o "紫川秀还是卢云-在KTV唱什么粤语歌可以秒杀全场。/45.记得忘记 - (TVB电视剧《再生缘》片尾曲).mp3"
download song: 紫川秀还是卢云-在KTV唱什么粤语歌可以秒杀全场。/46.重复犯错.mp3
curl -L -C - "http://m10.music.126.net/20170527123150/bef107cbc04742aab7c226f5b9564620/ymusic/b727/e440/15fc/80477cd354819c167017511235bfe7a4.mp3" -o "紫川秀还是卢云-在KTV唱什么粤语歌可以秒杀全场。/46.重复犯错.mp3"
download song: 紫川秀还是卢云-在KTV唱什么粤语歌可以秒杀全场。/47.情归于尽.mp3
curl -L -C - "http://m10.music.126.net/20170527123158/e208ec10202d1ae115ae7a00788d6f82/ymusic/4db9/36fd/6d60/059133c5b160674d875b7a457b011202.mp3" -o "紫川秀还是卢云-在KTV唱什么粤语歌可以秒杀全场。/47.情归于尽.mp3"
download song: 紫川秀还是卢云-在KTV唱什么粤语歌可以秒杀全场。/48.一小时冲印.mp3
curl -L -C - "http://m10.music.126.net/20170527123221/c6b5c8177df7f5a09de5f5a270d7d399/ymusic/7937/ea98/15ff/5888affaa989039af971e1203e63b6e9.mp3" -o "紫川秀还是卢云-在KTV唱什么粤语歌可以秒杀全场。/48.一小时冲印.mp3"
download song: 紫川秀还是卢云-在KTV唱什么粤语歌可以秒杀全场。/49.寂寞流星群.mp3
curl -L -C - "http://m10.music.126.net/20170527123236/c0729c6f46eed95e37b45a3de38ba548/ymusic/2e2a/0987/d8f5/3d271c5c0c58a18c3350c81ea76a2224.mp3" -o "紫川秀还是卢云-在KTV唱什么粤语歌可以秒杀全场。/49.寂寞流星群.mp3"
download song: 紫川秀还是卢云-在KTV唱什么粤语歌可以秒杀全场。/50.花街的流星.mp3
curl -L -C - "http://m10.music.126.net/20170527123251/b72d7d350349435158b0ad1e4a015750/ymusic/a105/2f09/6819/c306c48f8816b24eabccaa42c4b2384a.mp3" -o "紫川秀还是卢云-在KTV唱什么粤语歌可以秒杀全场。/50.花街的流星.mp3"
download song: 紫川秀还是卢云-在KTV唱什么粤语歌可以秒杀全场。/51.法术乌魔多.mp3
curl -L -C - "http://m10.music.126.net/20170527123307/f88a30d6cecdce800c8a966969f140da/ymusic/343c/3b1e/13b9/db78736ff7861daf7ec17f62b8786b48.mp3" -o "紫川秀还是卢云-在KTV唱什么粤语歌可以秒杀全场。/51.法术乌魔多.mp3"
download song: 紫川秀还是卢云-在KTV唱什么粤语歌可以秒杀全场。/52.初见(live版)&nbsp;-&nbsp;live.mp3
curl -L -C - "http://m10.music.126.net/20170527123322/51db992db8d554d5353be8aab1c6ee66/ymusic/740b/da9c/95e8/4a698cbbf40a967368d544089ad7ba68.mp3" -o "紫川秀还是卢云-在KTV唱什么粤语歌可以秒杀全场。/52.初见(live版)&nbsp;-&nbsp;live.mp3"
download song: 紫川秀还是卢云-在KTV唱什么粤语歌可以秒杀全场。/53.衣柜里的男人(Live)&nbsp;-&nbsp;live.mp3
curl -L -C - "http://m10.music.126.net/20170527123337/b396c94c21339a9d2ea02a0ab1749aca/ymusic/0f25/cf67/cfa5/fe841c4e0c36423c52764b2e20f499b6.mp3" -o "紫川秀还是卢云-在KTV唱什么粤语歌可以秒杀全场。/53.衣柜里的男人(Live)&nbsp;-&nbsp;live.mp3"
download song: 紫川秀还是卢云-在KTV唱什么粤语歌可以秒杀全场。/54.我的回忆不是我的.mp3
curl -L -C - "http://m10.music.126.net/20170527123352/33419614fd0668bc54d9f6aec964d7c3/ymusic/4fad/cb75/95c3/8801fd1dccfde2ee3b139a6768552852.mp3" -o "紫川秀还是卢云-在KTV唱什么粤语歌可以秒杀全场。/54.我的回忆不是我的.mp3"
download song: 紫川秀还是卢云-在KTV唱什么粤语歌可以秒杀全场。/55.只爱西经 - (电视剧《西游记2》片尾曲).mp3
curl -L -C - "http://m10.music.126.net/20170527123408/4aca7b35d2c350fa026bf9d43c62b62f/ymusic/d6e6/6135/2b6a/d7efab238a7a0ac7714f360b6dc6dfa7.mp3" -o "紫川秀还是卢云-在KTV唱什么粤语歌可以秒杀全场。/55.只爱西经 - (电视剧《西游记2》片尾曲).mp3"
download song: 紫川秀还是卢云-在KTV唱什么粤语歌可以秒杀全场。/56.长痛短痛.mp3
curl -L -C - "http://m10.music.126.net/20170527123423/43309d45cb3e2a3825c33bc5c20dd798/ymusic/eb3c/8dba/8f52/adc4f1391e489829cfa349df7614076f.mp3" -o "紫川秀还是卢云-在KTV唱什么粤语歌可以秒杀全场。/56.长痛短痛.mp3"
download song: 紫川秀还是卢云-在KTV唱什么粤语歌可以秒杀全场。/57.水星逆行.mp3
curl -L -C - "http://m10.music.126.net/20170527123438/a555f4e3578b1ef66a35743d03aed0f3/ymusic/6668/fa26/2ec8/7d7db6545215b380a4bd61984879e64b.mp3" -o "紫川秀还是卢云-在KTV唱什么粤语歌可以秒杀全场。/57.水星逆行.mp3"
download song: 紫川秀还是卢云-在KTV唱什么粤语歌可以秒杀全场。/58.壮举.mp3
curl -L -C - "http://m10.music.126.net/20170527123453/31a7e4cb8919d8d04cd4bd44ac30bd4c/ymusic/4ca5/29a2/a428/1f5462496669d666678d079ec6826cf2.mp3" -o "紫川秀还是卢云-在KTV唱什么粤语歌可以秒杀全场。/58.壮举.mp3"
download song: 紫川秀还是卢云-在KTV唱什么粤语歌可以秒杀全场。/59.战争.mp3
curl -L -C - "http://m10.music.126.net/20170527123509/bf0340d161237b200141ee17d4c096cb/ymusic/d544/cb72/4355/5151df5d30275a9617aef88b1c2b6a33.mp3" -o "紫川秀还是卢云-在KTV唱什么粤语歌可以秒杀全场。/59.战争.mp3"
download song: 紫川秀还是卢云-在KTV唱什么粤语歌可以秒杀全场。/60.破相.mp3
curl -L -C - "http://m10.music.126.net/20170527123524/ea7c9992465b25612dcccc65944ba6df/ymusic/8863/358c/7559/51c80fc8507dea950e8ea57a576c84a9.mp3" -o "紫川秀还是卢云-在KTV唱什么粤语歌可以秒杀全场。/60.破相.mp3"
download song: 紫川秀还是卢云-在KTV唱什么粤语歌可以秒杀全场。/61.沙龙.mp3
curl -L -C - "http://m10.music.126.net/20170527123540/cea1c26ecb09770f54def64b2de8dab7/ymusic/2255/68be/04a0/12ab9f1e7f0ba29c4d71d1d76a13ad85.mp3" -o "紫川秀还是卢云-在KTV唱什么粤语歌可以秒杀全场。/61.沙龙.mp3"
download song: 紫川秀还是卢云-在KTV唱什么粤语歌可以秒杀全场。/62.预言书.mp3
curl -L -C - "http://m10.music.126.net/20170527123556/63d56388d42a21ca7f5a88b0f33330e8/ymusic/b6e5/857c/9c71/a78b589261b01aea884cfab1935183dd.mp3" -o "紫川秀还是卢云-在KTV唱什么粤语歌可以秒杀全场。/62.预言书.mp3"
download song: 紫川秀还是卢云-在KTV唱什么粤语歌可以秒杀全场。/63.裙下之臣.mp3
curl -L -C - "http://m10.music.126.net/20170527123611/2b9459631ebad7835a6e986db9be3175/ymusic/3ab5/d24e/cc73/e73f726618bbba81253505cd6ad3e01a.mp3" -o "紫川秀还是卢云-在KTV唱什么粤语歌可以秒杀全场。/63.裙下之臣.mp3"
download song: 紫川秀还是卢云-在KTV唱什么粤语歌可以秒杀全场。/64.最后晚餐 - (电视剧《有房出租》主题曲).mp3
curl -L -C - "http://m10.music.126.net/20170527123626/ee1868594b48c11348262e273c72bc2e/ymusic/a7e7/3ac4/75fd/eb658d94589cf1410a28846495767392.mp3" -o "紫川秀还是卢云-在KTV唱什么粤语歌可以秒杀全场。/64.最后晚餐 - (电视剧《有房出租》主题曲).mp3"
download song: 紫川秀还是卢云-在KTV唱什么粤语歌可以秒杀全场。/65.守望麦田.mp3
curl -L -C - "http://m10.music.126.net/20170527123641/13da7b0e1e0cf632f32ac2ea27bb3e21/ymusic/3b52/fd89/d82d/b451f907df7c76c99b92b56ff7401aa4.mp3" -o "紫川秀还是卢云-在KTV唱什么粤语歌可以秒杀全场。/65.守望麦田.mp3"
download song: 紫川秀还是卢云-在KTV唱什么粤语歌可以秒杀全场。/66.不吐不快.mp3
curl -L -C - "http://m10.music.126.net/20170527123657/e65f66af612dd2d7e8a232318cca8412/ymusic/cdda/3483/8aa8/fe7891f655af1f829ea0d42ecb95f67c.mp3" -o "紫川秀还是卢云-在KTV唱什么粤语歌可以秒杀全场。/66.不吐不快.mp3"
download song: 紫川秀还是卢云-在KTV唱什么粤语歌可以秒杀全场。/67.愚公移山.mp3
curl -L -C - "http://m10.music.126.net/20170527123712/040c2ddce53193232948f5562d0f6eea/ymusic/2a20/a69e/d40f/398b819f35362e3d74f1d1abc1585ba7.mp3" -o "紫川秀还是卢云-在KTV唱什么粤语歌可以秒杀全场。/67.愚公移山.mp3"
download song: 紫川秀还是卢云-在KTV唱什么粤语歌可以秒杀全场。/68.爱你痛到不知痛 - (TVB电视剧《雪山飞狐》主题曲).mp3
curl -L -C - "http://m10.music.126.net/20170527123727/bd269e2647c3115fb90e3038c4dad49d/ymusic/1275/b3cc/7fc9/a7df9785d88ee97bc2dab33840327419.mp3" -o "紫川秀还是卢云-在KTV唱什么粤语歌可以秒杀全场。/68.爱你痛到不知痛 - (TVB电视剧《雪山飞狐》主题曲).mp3"
download song: 紫川秀还是卢云-在KTV唱什么粤语歌可以秒杀全场。/69.等你等到我心痛.mp3
curl -L -C - "http://m10.music.126.net/20170527123743/e1a45e5a0458955c49e6c9fe20b7e2da/ymusic/7b2b/959d/a1ef/85aaa53e7f4952e158633339e1f4e858.mp3" -o "紫川秀还是卢云-在KTV唱什么粤语歌可以秒杀全场。/69.等你等到我心痛.mp3"
download song: 紫川秀还是卢云-在KTV唱什么粤语歌可以秒杀全场。/70.日与夜.mp3
curl -L -C - "http://m10.music.126.net/20170527123751/845f0323c86ebc2af340c74495c79eec/ymusic/04b1/9528/e6c9/9b4a2c20c921c8ae5921e286f7dfc8b2.mp3" -o "紫川秀还是卢云-在KTV唱什么粤语歌可以秒杀全场。/70.日与夜.mp3"
