visit album url: http://music.163.com/#/album?id=14390
visit song url: 1 戏迷 http://music.163.com/song?id=144092
click play button: 1 戏迷 http://music.163.com/song?id=144092
visit song url: 2 约定蓝天 http://music.163.com/song?id=144093
click play button: 2 约定蓝天 http://music.163.com/song?id=144093
visit song url: 3 老地方 http://music.163.com/song?id=144094
click play button: 3 老地方 http://music.163.com/song?id=144094
visit song url: 4 好时代 http://music.163.com/song?id=144096
click play button: 4 好时代 http://music.163.com/song?id=144096
visit song url: 5 爱伤了 http://music.163.com/song?id=144097
click play button: 5 爱伤了 http://music.163.com/song?id=144097
visit song url: 6 外婆桥 http://music.163.com/song?id=144098
click play button: 6 外婆桥 http://music.163.com/song?id=144098
visit song url: 7 天生注定 http://music.163.com/song?id=144099
click play button: 7 天生注定 http://music.163.com/song?id=144099
visit song url: 8 秋天来了 http://music.163.com/song?id=144101
click play button: 8 秋天来了 http://music.163.com/song?id=144101
visit song url: 9 我就在你身边 http://music.163.com/song?id=144102
click play button: 9 我就在你身边 http://music.163.com/song?id=144102
visit song url: 10 想飞 http://music.163.com/song?id=144103
click play button: 10 想飞 http://music.163.com/song?id=144103
download song: 任贤齐-老地方/01.戏迷.mp3
curl -L -C - "http://m10.music.126.net/20170527013944/b1d17a85f81a90e110841b00d9b66233/ymusic/65c5/05a4/60d1/16cd1f4cb747c25690f37c7a50796d7c.mp3" -o "任贤齐-老地方/01.戏迷.mp3"
download song: 任贤齐-老地方/02.约定蓝天.mp3
curl -L -C - "http://m10.music.126.net/20170527013959/3489e4948c54cdb06135442e71524693/ymusic/b562/fd11/3389/28a36aa2cbae675e70127231f452f749.mp3" -o "任贤齐-老地方/02.约定蓝天.mp3"
download song: 任贤齐-老地方/03.老地方.mp3
curl -L -C - "http://m10.music.126.net/20170527014016/ee92e091171a5f1fd17710bb2f3a7993/ymusic/86b3/8ed9/3fbd/042a405e64e043c8774e325016bf82a1.mp3" -o "任贤齐-老地方/03.老地方.mp3"
download song: 任贤齐-老地方/04.好时代.mp3
curl -L -C - "http://m10.music.126.net/20170527014027/7ac3fbffceac76b3edda22763d7ac17b/ymusic/38bc/1e68/7a3f/bdaa5c4d614beedda5f4ca62986bcb2b.mp3" -o "任贤齐-老地方/04.好时代.mp3"
download song: 任贤齐-老地方/05.爱伤了.mp3
curl -L -C - "http://m10.music.126.net/20170527014041/232c6361fe56e5ac0a973a7e1463eed0/ymusic/3bfb/4865/ce6a/fea28f42b090e355014e0b9fa9dd708b.mp3" -o "任贤齐-老地方/05.爱伤了.mp3"
download song: 任贤齐-老地方/06.外婆桥.mp3
curl -L -C - "http://m10.music.126.net/20170527014056/a1bd0b392d9ba005a7cc59d5f8f5bd41/ymusic/b7a2/800e/d111/5fde9461d69cac43b70db8c64fb5aa9c.mp3" -o "任贤齐-老地方/06.外婆桥.mp3"
download song: 任贤齐-老地方/07.天生注定.mp3
curl -L -C - "http://m10.music.126.net/20170527014110/64e93a76c28ea52384b8ee6378751370/ymusic/8e4d/2bf4/01df/84a9d6876032b603dbc13365efbf8319.mp3" -o "任贤齐-老地方/07.天生注定.mp3"
download song: 任贤齐-老地方/08.秋天来了.mp3
curl -L -C - "http://m10.music.126.net/20170527014124/daf0292d2d107ed33636f0a0254ac21a/ymusic/d257/b791/a047/e7ab66797eeccee966210361a5443de1.mp3" -o "任贤齐-老地方/08.秋天来了.mp3"
download song: 任贤齐-老地方/09.我就在你身边.mp3
curl -L -C - "http://m10.music.126.net/20170527014139/19c302a0891b0ed44d5ddbc29da1e55e/ymusic/1be6/9bcf/fc32/77699f312e8fa70dcd5ed42f4e63530f.mp3" -o "任贤齐-老地方/09.我就在你身边.mp3"
download song: 任贤齐-老地方/10.想飞.mp3
curl -L -C - "http://m10.music.126.net/20170527013930/de85c5034c52cf5e9a801a846002a829/ymusic/c722/e51d/fa8e/4013dac052006c89b9144d820b338bec.mp3" -o "任贤齐-老地方/10.想飞.mp3"
